<?xml version="1.0" encoding="UTF-8"?>
<testsuites name="Mocha Tests" time="5.401" tests="3" failures="0">
  <testsuite name="Root Suite" timestamp="2020-11-24T21:57:43" tests="0" failures="0" time="0">
  </testsuite>
  <testsuite name="Result" timestamp="2020-11-24T21:57:43" tests="1" file="/home/carolina/Documentos/trabajo-integrador-is3/Integration/result_test.js" failures="0" time="2.479">
    <testcase name="Result: Checking results" time="2.479" classname="Checking results">
    </testcase>
  </testsuite>
  <testsuite name="Vote" timestamp="2020-11-24T21:57:47" tests="2" file="/home/carolina/Documentos/trabajo-integrador-is3/Integration/vote_test.js" failures="0" time="2.9219999999999997">
    <testcase name="Vote: I choose dogs" time="2.272" classname="I choose dogs">
    </testcase>
    <testcase name="Vote: test voting app vote view" time="0.65" classname="test voting app vote view">
    </testcase>
  </testsuite>
</testsuites>